<?xml version="1.0" encoding="UTF-8"?>
<!-- Generated by org.testng.reporters.JUnitReportReporter -->
<testsuite skipped="0" hostname="codeLover.fios-router.home" name="TestRunner.TC02_Login" tests="1" failures="0" timestamp="06 May 2018 23:58:09 GMT" time="3.426" errors="0">
  <testcase name="feature" time="3.426" classname="TestRunner.TC02_Login"/>
</testsuite> <!-- TestRunner.TC02_Login -->
