<?xml version="1.0" encoding="UTF-8"?>
<!-- Generated by org.testng.reporters.JUnitReportReporter -->
<testsuite skipped="0" hostname="codeLover.fios-router.home" name="TestRunner.TC01_Login" tests="1" failures="0" timestamp="06 May 2018 23:58:09 GMT" time="6.301" errors="0">
  <testcase name="feature" time="6.301" classname="TestRunner.TC01_Login"/>
</testsuite> <!-- TestRunner.TC01_Login -->
