<?xml version="1.0" encoding="UTF-8"?>
<!-- Generated by org.testng.reporters.JUnitReportReporter -->
<testsuite skipped="0" hostname="Fatemas-MacBook-Pro.local" name="screenShot.Screensot" tests="1" failures="0" timestamp="21 Dec 2017 17:36:58 GMT" time="8.247" errors="0">
  <testcase name="captureScreenShot" time="8.247" classname="screenShot.Screensot"/>
</testsuite> <!-- screenShot.Screensot -->
