<?xml version="1.0" encoding="UTF-8"?>
<!-- Generated by org.testng.reporters.JUnitReportReporter -->
<testsuite skipped="0" hostname="Fatemas-MacBook-Pro.local" name="screenShot.Screensot" tests="1" failures="0" timestamp="07 Feb 2018 21:25:24 GMT" time="12.636" errors="0">
  <testcase name="captureScreenShot" time="12.636" classname="screenShot.Screensot"/>
</testsuite> <!-- screenShot.Screensot -->
